<?xml version="1.0" encoding="UTF-8"?>
<!-- Generated by org.testng.reporters.JUnitReportReporter -->
<testsuite skipped="0" hostname="idea-PC" name="com.testautomation.tests.GoogleTest2" tests="1" failures="0" timestamp="03 Mar 2018 02:14:11 GMT" time="1.131" errors="0">
  <testcase name="launchTestAutomationGuruTest" time="1.131" classname="com.testautomation.tests.GoogleTest2"/>
</testsuite> <!-- com.testautomation.tests.GoogleTest2 -->
