<?xml version="1.0" encoding="UTF-8"?>
<!-- Generated by org.testng.reporters.JUnitReportReporter -->
<testsuite skipped="0" hostname="PC" name="SeleniumFrameWork.MavenPOBDDbrowserFactory.AppTest" tests="1" failures="0" timestamp="18 Nov 2017 09:18:07 GMT" time="4.696" errors="0">
  <testcase name="launchTestAutomationGuruTest" time="4.696" classname="SeleniumFrameWork.MavenPOBDDbrowserFactory.AppTest"/>
</testsuite> <!-- SeleniumFrameWork.MavenPOBDDbrowserFactory.AppTest -->
